2025-09-28 11:09:02,808 - INFO - 成功读取线段数据文件，包含 9545 行数据
2025-09-28 11:09:02,809 - INFO - 列名: ['TradeTime', 'OrderTicket', 'PositionId', 'ReferencePrice', 'ReferenceTime', 'ReferenceBarIndex', 'Timeframe', 'SegmentSide', 'SegmentIndex', 'StartPrice', 'EndPrice', 'Amplitude', 'Direction', 'TradeAction', 'TradePrice', 'TradeVolume', 'TradeComment', 'TradeStatus']
2025-09-28 11:09:02,809 - INFO - 成功读取线段数据，共 9545 条记录
2025-09-28 11:09:30,338 - INFO - 开始保存线段数据到数据库...
2025-09-28 11:09:30,490 - INFO - package: mysql.connector.plugins
2025-09-28 11:09:30,490 - INFO - plugin_name: caching_sha2_password
2025-09-28 11:09:30,491 - INFO - AUTHENTICATION_PLUGIN_CLASS: MySQLCachingSHA2PasswordAuthPlugin
2025-09-28 11:09:30,496 - INFO - 成功连接到MySQL数据库
2025-09-28 11:09:30,508 - INFO - 数据表创建成功
2025-09-28 11:09:30,515 - INFO - 已清除数据库中的线段数据: 8 条记录
2025-09-28 11:09:30,524 - ERROR - 保存线段数据到数据库失败: 1054 (42S22): Unknown column 'segment_side' in 'field list'
2025-09-28 11:09:30,525 - INFO - 成功将 0 条线段记录保存到数据库
2025-09-28 11:09:32,306 - INFO - 数据库连接已关闭
2025-09-28 11:09:59,054 - INFO - 开始保存线段数据到数据库...
2025-09-28 11:09:59,109 - INFO - 成功连接到MySQL数据库
2025-09-28 11:09:59,142 - INFO - 数据表创建成功
2025-09-28 11:09:59,148 - INFO - 已清除数据库中的线段数据: 0 条记录
2025-09-28 11:10:01,907 - INFO - 成功将9545条线段记录保存到数据库
2025-09-28 11:10:01,908 - INFO - 成功将 9545 条线段记录保存到数据库
2025-09-28 11:10:05,275 - INFO - 数据库连接已关闭
2025-09-28 11:36:43,012 - INFO - 开始读取交易历史数据...
2025-09-28 11:36:43,013 - INFO - 开始读取文件: C:/Users/xfhrg/AppData/Roaming/MetaQuotes/Terminal/53785E099C927DB68A545C249CDBCE06/MQL5/Experts/MtTrade/Scripts/ReportTester.xlsx
2025-09-28 11:36:43,013 - INFO - 文件大小: 44088 字节
2025-09-28 11:36:43,263 - INFO - 成功读取Excel文件，包含 271 行数据
2025-09-28 11:36:43,265 - INFO - 找到订单表头行: 第72行
2025-09-28 11:36:43,267 - INFO - 找到成交表头行: 第194行
2025-09-28 11:36:43,268 - INFO - 订单表列名: ['开价时间', '订单', '交易品种', '类型', '交易量', '', '价位', '止损', '止盈', '时间', '', '状态', '注释']
2025-09-28 11:36:43,269 - INFO - 成功提取订单数据，包含 120 行
2025-09-28 11:36:43,270 - INFO - 成交表列名: ['时间', '成交', '交易品种', '类型', '趋势', '交易量', '价位', '订单', '手续费', '库存费', '盈利', '结余', '注释']
2025-09-28 11:36:43,271 - INFO - 成功提取成交记录数据，包含 76 行
2025-09-28 11:36:43,271 - INFO - 交易历史数据读取完成
2025-09-28 11:36:47,362 - INFO - 开始保存到数据库...
2025-09-28 11:36:47,466 - INFO - package: mysql.connector.plugins
2025-09-28 11:36:47,466 - INFO - plugin_name: caching_sha2_password
2025-09-28 11:36:47,466 - INFO - AUTHENTICATION_PLUGIN_CLASS: MySQLCachingSHA2PasswordAuthPlugin
2025-09-28 11:36:47,468 - INFO - 成功连接到MySQL数据库
2025-09-28 11:36:47,474 - INFO - 数据表创建成功
2025-09-28 11:36:47,481 - INFO - 已清除数据库中的数据: 120 条订单记录, 75 条成交记录
2025-09-28 11:36:47,563 - INFO - 成功将120条订单记录保存到数据库
2025-09-28 11:36:47,591 - WARNING - 跳过第76行，成交号为空: {'时间': nan, '成交': nan, '交易品种': nan, '类型': nan, '趋势': nan, '交易量': nan, '价位': nan, '订单': nan, '手续费': 0, '库存费': 0, '盈利': -1043.8, '结余': 8956.2, '注释': nan}
2025-09-28 11:36:47,593 - INFO - 成功将75条成交记录保存到数据库
2025-09-28 11:36:47,593 - INFO - 成功将 120 条订单记录和 75 条成交记录保存到数据库
2025-09-28 11:36:48,981 - INFO - 数据库连接已关闭
