2025-09-25 16:57:29,857 - INFO - 已选择文件: C:/Users/xfhrg/AppData/Roaming/MetaQuotes/Terminal/53785E099C927DB68A545C249CDBCE06/MQL5/Experts/MtTrade/Scripts/ReportTester.xlsx
2025-09-25 16:57:31,305 - INFO - 开始读取数据...
2025-09-25 16:57:31,306 - INFO - 开始读取文件: C:/Users/xfhrg/AppData/Roaming/MetaQuotes/Terminal/53785E099C927DB68A545C249CDBCE06/MQL5/Experts/MtTrade/Scripts/ReportTester.xlsx
2025-09-25 16:57:31,306 - INFO - 文件大小: 44088 字节
2025-09-25 16:57:31,476 - INFO - 成功读取Excel文件，包含 271 行数据
2025-09-25 16:57:31,477 - INFO - 找到订单表头行: 第72行
2025-09-25 16:57:31,480 - INFO - 找到成交表头行: 第194行
2025-09-25 16:57:31,481 - INFO - 订单表列名: ['开价时间', '订单', '交易品种', '类型', '交易量', '', '价位', '止损', '止盈', '时间', '', '状态', '注释']
2025-09-25 16:57:31,482 - INFO - 成功提取订单数据，包含 120 行
2025-09-25 16:57:31,483 - INFO - 成交表列名: ['时间', '成交', '交易品种', '类型', '趋势', '交易量', '价位', '订单', '手续费', '库存费', '盈利', '结余', '注释']
2025-09-25 16:57:31,484 - INFO - 成功提取成交记录数据，包含 76 行
2025-09-25 16:57:31,484 - INFO - 数据读取完成
2025-09-25 16:57:45,006 - INFO - 开始读取数据...
2025-09-25 16:57:45,006 - INFO - 开始读取文件: C:/Users/xfhrg/AppData/Roaming/MetaQuotes/Terminal/53785E099C927DB68A545C249CDBCE06/MQL5/Experts/MtTrade/Scripts/ReportTester.xlsx
2025-09-25 16:57:45,007 - INFO - 文件大小: 44088 字节
2025-09-25 16:57:45,031 - INFO - 成功读取Excel文件，包含 271 行数据
2025-09-25 16:57:45,032 - INFO - 找到订单表头行: 第72行
2025-09-25 16:57:45,034 - INFO - 找到成交表头行: 第194行
2025-09-25 16:57:45,034 - INFO - 订单表列名: ['开价时间', '订单', '交易品种', '类型', '交易量', '', '价位', '止损', '止盈', '时间', '', '状态', '注释']
2025-09-25 16:57:45,035 - INFO - 成功提取订单数据，包含 120 行
2025-09-25 16:57:45,036 - INFO - 成交表列名: ['时间', '成交', '交易品种', '类型', '趋势', '交易量', '价位', '订单', '手续费', '库存费', '盈利', '结余', '注释']
2025-09-25 16:57:45,037 - INFO - 成功提取成交记录数据，包含 76 行
2025-09-25 16:57:45,037 - INFO - 数据读取完成
