2025-09-25 16:58:38,577 - INFO - 已选择文件: C:/Users/xfhrg/AppData/Roaming/MetaQuotes/Terminal/53785E099C927DB68A545C249CDBCE06/MQL5/Experts/MtTrade/Scripts/ReportTester.xlsx
2025-09-25 16:58:55,105 - INFO - 开始读取数据...
2025-09-25 16:58:55,177 - INFO - 开始读取文件: C:/Users/xfhrg/AppData/Roaming/MetaQuotes/Terminal/53785E099C927DB68A545C249CDBCE06/MQL5/Experts/MtTrade/Scripts/ReportTester.xlsx
2025-09-25 16:58:55,210 - INFO - 文件大小: 44088 字节
2025-09-25 16:58:55,513 - INFO - 成功读取Excel文件，包含 271 行数据
2025-09-25 16:58:55,589 - INFO - 找到订单表头行: 第72行
2025-09-25 16:58:55,622 - INFO - 找到成交表头行: 第194行
2025-09-25 16:58:55,649 - INFO - 订单表列名: ['开价时间', '订单', '交易品种', '类型', '交易量', '', '价位', '止损', '止盈', '时间', '', '状态', '注释']
2025-09-25 16:58:55,680 - INFO - 成功提取订单数据，包含 120 行
2025-09-25 16:58:55,742 - INFO - 成交表列名: ['时间', '成交', '交易品种', '类型', '趋势', '交易量', '价位', '订单', '手续费', '库存费', '盈利', '结余', '注释']
2025-09-25 16:58:55,771 - INFO - 成功提取成交记录数据，包含 76 行
2025-09-25 16:58:55,825 - INFO - 数据读取完成
2025-09-25 16:59:20,730 - INFO - 开始保存到数据库...
2025-09-25 16:59:20,843 - INFO - package: mysql.connector.plugins
2025-09-25 16:59:20,887 - INFO - plugin_name: caching_sha2_password
2025-09-25 16:59:20,940 - INFO - AUTHENTICATION_PLUGIN_CLASS: MySQLCachingSHA2PasswordAuthPlugin
2025-09-25 16:59:20,982 - INFO - 成功连接到MySQL数据库
2025-09-25 16:59:21,013 - INFO - 数据表创建成功
2025-09-25 16:59:21,120 - INFO - 成功将120条订单记录保存到数据库
2025-09-25 16:59:21,183 - WARNING - 跳过第76行，成交号为空: {'时间': nan, '成交': nan, '交易品种': nan, '类型': nan, '趋势': nan, '交易量': nan, '价位': nan, '订单': nan, '手续费': 0, '库存费': 0, '盈利': -1043.8, '结余': 8956.2, '注释': nan}
2025-09-25 16:59:21,217 - INFO - 成功将75条成交记录保存到数据库
2025-09-25 16:59:21,337 - INFO - 成功将 120 条订单记录和 75 条成交记录保存到数据库
2025-09-25 16:59:23,900 - INFO - 数据库连接已关闭
