2025-09-25 17:15:32,498 - INFO - 已选择文件: C:/Users/xfhrg/AppData/Roaming/MetaQuotes/Terminal/53785E099C927DB68A545C249CDBCE06/MQL5/Experts/MtTrade/Scripts/ReportTester.xlsx
2025-09-25 17:15:35,825 - INFO - 开始读取数据...
2025-09-25 17:15:35,899 - INFO - 开始读取文件: C:/Users/xfhrg/AppData/Roaming/MetaQuotes/Terminal/53785E099C927DB68A545C249CDBCE06/MQL5/Experts/MtTrade/Scripts/ReportTester.xlsx
2025-09-25 17:15:35,930 - INFO - 文件大小: 44088 字节
2025-09-25 17:15:36,208 - INFO - 成功读取Excel文件，包含 271 行数据
2025-09-25 17:15:36,273 - INFO - 找到订单表头行: 第72行
2025-09-25 17:15:36,301 - INFO - 找到成交表头行: 第194行
2025-09-25 17:15:36,325 - INFO - 订单表列名: ['开价时间', '订单', '交易品种', '类型', '交易量', '', '价位', '止损', '止盈', '时间', '', '状态', '注释']
2025-09-25 17:15:36,350 - INFO - 成功提取订单数据，包含 120 行
2025-09-25 17:15:36,404 - INFO - 成交表列名: ['时间', '成交', '交易品种', '类型', '趋势', '交易量', '价位', '订单', '手续费', '库存费', '盈利', '结余', '注释']
2025-09-25 17:15:36,431 - INFO - 成功提取成交记录数据，包含 76 行
2025-09-25 17:15:36,486 - INFO - 数据读取完成
2025-09-25 17:15:39,564 - INFO - 开始保存到数据库...
2025-09-25 17:15:39,679 - INFO - package: mysql.connector.plugins
2025-09-25 17:15:39,720 - INFO - plugin_name: caching_sha2_password
2025-09-25 17:15:39,761 - INFO - AUTHENTICATION_PLUGIN_CLASS: MySQLCachingSHA2PasswordAuthPlugin
2025-09-25 17:15:39,803 - INFO - 成功连接到MySQL数据库
2025-09-25 17:15:39,836 - INFO - 数据表创建成功
2025-09-25 17:15:39,867 - INFO - 已清除数据库中的数据: 240 条订单记录, 150 条成交记录
2025-09-25 17:15:39,956 - INFO - 成功将120条订单记录保存到数据库
2025-09-25 17:15:40,007 - WARNING - 跳过第76行，成交号为空: {'时间': nan, '成交': nan, '交易品种': nan, '类型': nan, '趋势': nan, '交易量': nan, '价位': nan, '订单': nan, '手续费': 0, '库存费': 0, '盈利': -1043.8, '结余': 8956.2, '注释': nan}
2025-09-25 17:15:40,041 - INFO - 成功将75条成交记录保存到数据库
2025-09-25 17:15:40,175 - INFO - 成功将 120 条订单记录和 75 条成交记录保存到数据库
2025-09-25 17:15:41,244 - INFO - 数据库连接已关闭
2025-09-25 17:25:23,060 - INFO - 已选择文件: C:/Users/xfhrg/AppData/Roaming/MetaQuotes/Terminal/53785E099C927DB68A545C249CDBCE06/MQL5/Experts/MtTrade/Scripts/ReportTester.xlsx
2025-09-25 17:25:25,985 - INFO - 开始读取数据...
2025-09-25 17:25:26,059 - INFO - 开始读取文件: C:/Users/xfhrg/AppData/Roaming/MetaQuotes/Terminal/53785E099C927DB68A545C249CDBCE06/MQL5/Experts/MtTrade/Scripts/ReportTester.xlsx
2025-09-25 17:25:26,095 - INFO - 文件大小: 44088 字节
2025-09-25 17:25:26,394 - INFO - 成功读取Excel文件，包含 271 行数据
2025-09-25 17:25:26,475 - INFO - 找到订单表头行: 第72行
2025-09-25 17:25:26,510 - INFO - 找到成交表头行: 第194行
2025-09-25 17:25:26,535 - INFO - 订单表列名: ['开价时间', '订单', '交易品种', '类型', '交易量', '', '价位', '止损', '止盈', '时间', '', '状态', '注释']
2025-09-25 17:25:26,564 - INFO - 成功提取订单数据，包含 120 行
2025-09-25 17:25:26,621 - INFO - 成交表列名: ['时间', '成交', '交易品种', '类型', '趋势', '交易量', '价位', '订单', '手续费', '库存费', '盈利', '结余', '注释']
2025-09-25 17:25:26,650 - INFO - 成功提取成交记录数据，包含 76 行
2025-09-25 17:25:26,706 - INFO - 数据读取完成
2025-09-25 17:25:31,114 - INFO - 开始保存到数据库...
2025-09-25 17:25:31,212 - INFO - package: mysql.connector.plugins
2025-09-25 17:25:31,250 - INFO - plugin_name: caching_sha2_password
2025-09-25 17:25:31,290 - INFO - AUTHENTICATION_PLUGIN_CLASS: MySQLCachingSHA2PasswordAuthPlugin
2025-09-25 17:25:31,333 - INFO - 成功连接到MySQL数据库
2025-09-25 17:25:31,362 - INFO - 数据表创建成功
2025-09-25 17:25:31,391 - INFO - 已清除数据库中的数据: 120 条订单记录, 75 条成交记录
2025-09-25 17:25:31,479 - INFO - 成功将120条订单记录保存到数据库
2025-09-25 17:25:31,534 - WARNING - 跳过第76行，成交号为空: {'时间': nan, '成交': nan, '交易品种': nan, '类型': nan, '趋势': nan, '交易量': nan, '价位': nan, '订单': nan, '手续费': 0, '库存费': 0, '盈利': -1043.8, '结余': 8956.2, '注释': nan}
2025-09-25 17:25:31,570 - INFO - 成功将75条成交记录保存到数据库
2025-09-25 17:25:31,691 - INFO - 成功将 120 条订单记录和 75 条成交记录保存到数据库
2025-09-25 17:25:32,589 - INFO - 数据库连接已关闭
2025-09-25 17:25:50,845 - INFO - 开始保存到数据库...
2025-09-25 17:25:50,922 - INFO - 成功连接到MySQL数据库
2025-09-25 17:25:50,980 - INFO - 数据表创建成功
2025-09-25 17:25:51,011 - INFO - 已清除数据库中的数据: 0 条订单记录, 0 条成交记录
2025-09-25 17:25:51,096 - INFO - 成功将120条订单记录保存到数据库
2025-09-25 17:25:51,154 - WARNING - 跳过第76行，成交号为空: {'时间': nan, '成交': nan, '交易品种': nan, '类型': nan, '趋势': nan, '交易量': nan, '价位': nan, '订单': nan, '手续费': 0, '库存费': 0, '盈利': -1043.8, '结余': 8956.2, '注释': nan}
2025-09-25 17:25:51,188 - INFO - 成功将75条成交记录保存到数据库
2025-09-25 17:25:51,311 - INFO - 成功将 120 条订单记录和 75 条成交记录保存到数据库
2025-09-25 17:25:52,547 - INFO - 数据库连接已关闭
